2024-04-04 01:13:38,226 - utils_logger - INFO - ----------------------------- Started new run @ 2024-04-04:0113 ----------------------------
2024-04-04 01:13:38,227 - utils_logger - INFO - -----------------------------  GETTING LINKS : data scientist ----------------------------
2024-04-04 01:13:38,227 - utils_logger - INFO - Searching for data-scientist
2024-04-04 01:13:53,957 - utils_logger - INFO - 	Empty soup, trying again in 5 secs...
2024-04-04 01:14:02,426 - utils_logger - INFO - 	Empty soup, trying again in 5 secs...
2024-04-04 01:14:11,063 - utils_logger - INFO - 	Empty soup, trying again in 5 secs...
2024-04-04 01:14:19,453 - utils_logger - INFO - 	Empty soup, trying again in 5 secs...
2024-04-04 01:14:27,747 - utils_logger - INFO - 	Empty soup, trying again in 5 secs...
2024-04-04 01:16:29,798 - utils_logger - INFO - Getting page_source
2024-04-04 01:16:30,751 - utils_logger - INFO - Unique links: 95
2024-04-04 01:16:40,762 - utils_logger - INFO - -----------------------------  GETTING INFO : data scientist ----------------------------
2024-04-04 01:16:40,968 - utils_logger - INFO - Index 0 : 429
2024-04-04 01:16:40,969 - utils_logger - INFO - 	Empty soup, trying again in 5 secs...
2024-04-04 01:16:46,653 - utils_logger - INFO - 	Success : 200
2024-04-04 01:16:46,828 - utils_logger - INFO - Index 1 : 429
2024-04-04 01:16:46,828 - utils_logger - INFO - 	Empty soup, trying again in 5 secs...
2024-04-04 01:16:52,031 - utils_logger - INFO - 		Retry 1: 429
2024-04-04 01:16:52,031 - utils_logger - INFO - 	Empty soup, trying again in 5 secs...
2024-04-04 01:16:57,811 - utils_logger - INFO - 	Success : 200
2024-04-04 01:16:58,465 - utils_logger - INFO - Index 2 : 200
2024-04-04 01:16:59,206 - utils_logger - INFO - Index 3 : 200
2024-04-04 01:16:59,853 - utils_logger - INFO - Index 4 : 200
2024-04-04 01:17:00,779 - utils_logger - INFO - Index 5 : 200
2024-04-04 01:17:01,602 - utils_logger - INFO - Index 6 : 200
2024-04-04 01:17:02,295 - utils_logger - INFO - Index 7 : 200
2024-04-04 01:17:03,008 - utils_logger - INFO - Index 8 : 200
2024-04-04 01:17:03,739 - utils_logger - INFO - Index 9 : 200
2024-04-04 01:17:04,537 - utils_logger - INFO - Index 10 : 200
2024-04-04 01:17:05,259 - utils_logger - INFO - Index 11 : 200
2024-04-04 01:17:05,945 - utils_logger - INFO - Index 12 : 200
2024-04-04 01:17:06,575 - utils_logger - INFO - Index 13 : 200
2024-04-04 01:17:07,240 - utils_logger - INFO - Index 14 : 200
2024-04-04 01:17:07,871 - utils_logger - INFO - Index 15 : 200
2024-04-04 01:17:08,643 - utils_logger - INFO - Index 16 : 200
2024-04-04 01:17:08,815 - utils_logger - INFO - Index 17 : 429
2024-04-04 01:17:08,815 - utils_logger - INFO - 	Empty soup, trying again in 5 secs...
2024-04-04 01:17:13,981 - utils_logger - INFO - 		Retry 1: 429
2024-04-04 01:17:13,981 - utils_logger - INFO - 	Empty soup, trying again in 5 secs...
2024-04-04 01:17:19,944 - utils_logger - INFO - 	Success : 200
2024-04-04 01:17:20,589 - utils_logger - INFO - Index 18 : 200
2024-04-04 01:17:21,273 - utils_logger - INFO - Index 19 : 200
2024-04-04 01:17:21,525 - utils_logger - INFO - Index 20 : 429
2024-04-04 01:17:21,526 - utils_logger - INFO - 	Empty soup, trying again in 5 secs...
2024-04-04 01:17:26,648 - utils_logger - INFO - 		Retry 1: 429
2024-04-04 01:17:26,648 - utils_logger - INFO - 	Empty soup, trying again in 5 secs...
2024-04-04 01:17:31,823 - utils_logger - INFO - 		Retry 2: 429
2024-04-04 01:17:31,823 - utils_logger - INFO - 	Empty soup, trying again in 5 secs...
2024-04-04 01:17:36,961 - utils_logger - INFO - 		Retry 3: 429
2024-04-04 01:17:36,961 - utils_logger - INFO - 	Empty soup, trying again in 5 secs...
2024-04-04 01:17:42,740 - utils_logger - INFO - 	Success : 200
2024-04-04 01:17:43,273 - utils_logger - INFO - Index 21 : 200
2024-04-04 01:17:44,000 - utils_logger - INFO - Index 22 : 200
2024-04-04 01:17:44,691 - utils_logger - INFO - Index 23 : 200
2024-04-04 01:17:45,312 - utils_logger - INFO - Index 24 : 200
2024-04-04 01:17:45,992 - utils_logger - INFO - Index 25 : 200
2024-04-04 01:17:46,669 - utils_logger - INFO - Index 26 : 200
2024-04-04 01:17:46,876 - utils_logger - INFO - Index 27 : 429
2024-04-04 01:17:46,876 - utils_logger - INFO - 	Empty soup, trying again in 5 secs...
2024-04-04 01:17:52,002 - utils_logger - INFO - 		Retry 1: 429
2024-04-04 01:17:52,002 - utils_logger - INFO - 	Empty soup, trying again in 5 secs...
2024-04-04 01:17:57,713 - utils_logger - INFO - 	Success : 200
2024-04-04 01:17:58,397 - utils_logger - INFO - Index 28 : 200
2024-04-04 01:17:59,093 - utils_logger - INFO - Index 29 : 200
2024-04-04 01:17:59,832 - utils_logger - INFO - Index 30 : 200
2024-04-04 01:18:00,645 - utils_logger - INFO - Index 31 : 200
2024-04-04 01:18:01,462 - utils_logger - INFO - Index 32 : 200
2024-04-04 01:18:02,223 - utils_logger - INFO - Index 33 : 200
2024-04-04 01:18:02,894 - utils_logger - INFO - Index 34 : 200
2024-04-04 01:18:03,591 - utils_logger - INFO - Index 35 : 200
2024-04-04 01:18:04,256 - utils_logger - INFO - Index 36 : 200
2024-04-04 01:18:04,432 - utils_logger - INFO - Index 37 : 429
2024-04-04 01:18:04,432 - utils_logger - INFO - 	Empty soup, trying again in 5 secs...
2024-04-04 01:18:09,603 - utils_logger - INFO - 		Retry 1: 429
2024-04-04 01:18:09,604 - utils_logger - INFO - 	Empty soup, trying again in 5 secs...
2024-04-04 01:18:15,789 - utils_logger - INFO - 	Success : 200
2024-04-04 01:18:15,968 - utils_logger - INFO - Index 38 : 429
2024-04-04 01:18:15,968 - utils_logger - INFO - 	Empty soup, trying again in 5 secs...
2024-04-04 01:18:21,657 - utils_logger - INFO - 	Success : 200
2024-04-04 01:18:21,836 - utils_logger - INFO - Index 39 : 429
2024-04-04 01:18:21,836 - utils_logger - INFO - 	Empty soup, trying again in 5 secs...
2024-04-04 01:18:27,009 - utils_logger - INFO - 		Retry 1: 429
2024-04-04 01:18:27,010 - utils_logger - INFO - 	Empty soup, trying again in 5 secs...
2024-04-04 01:18:32,591 - utils_logger - INFO - 	Success : 200
2024-04-04 01:18:32,823 - utils_logger - INFO - Index 40 : 429
2024-04-04 01:18:32,823 - utils_logger - INFO - 	Empty soup, trying again in 5 secs...
2024-04-04 01:18:37,979 - utils_logger - INFO - 		Retry 1: 429
2024-04-04 01:18:37,979 - utils_logger - INFO - 	Empty soup, trying again in 5 secs...
2024-04-04 01:18:43,731 - utils_logger - INFO - 	Success : 200
2024-04-04 01:18:43,911 - utils_logger - INFO - Index 41 : 429
2024-04-04 01:18:43,911 - utils_logger - INFO - 	Empty soup, trying again in 5 secs...
2024-04-04 01:18:49,604 - utils_logger - INFO - 	Success : 200
2024-04-04 01:18:49,779 - utils_logger - INFO - Index 42 : 429
2024-04-04 01:18:49,779 - utils_logger - INFO - 	Empty soup, trying again in 5 secs...
2024-04-04 01:18:54,956 - utils_logger - INFO - 		Retry 1: 429
2024-04-04 01:18:54,956 - utils_logger - INFO - 	Empty soup, trying again in 5 secs...
2024-04-04 01:19:00,659 - utils_logger - INFO - 	Success : 200
2024-04-04 01:19:00,787 - utils_logger - INFO - Index 43 : 429
2024-04-04 01:19:00,787 - utils_logger - INFO - 	Empty soup, trying again in 5 secs...
2024-04-04 01:19:05,969 - utils_logger - INFO - 		Retry 1: 429
2024-04-04 01:19:05,969 - utils_logger - INFO - 	Empty soup, trying again in 5 secs...
2024-04-04 01:19:11,677 - utils_logger - INFO - 	Success : 200
2024-04-04 01:19:11,863 - utils_logger - INFO - Index 44 : 429
2024-04-04 01:19:11,863 - utils_logger - INFO - 	Empty soup, trying again in 5 secs...
2024-04-04 01:19:17,583 - utils_logger - INFO - 	Success : 200
2024-04-04 01:19:17,760 - utils_logger - INFO - Index 45 : 429
2024-04-04 01:19:17,761 - utils_logger - INFO - 	Empty soup, trying again in 5 secs...
2024-04-04 01:19:22,890 - utils_logger - INFO - 		Retry 1: 429
2024-04-04 01:19:22,890 - utils_logger - INFO - 	Empty soup, trying again in 5 secs...
2024-04-04 01:19:28,678 - utils_logger - INFO - 	Success : 200
2024-04-04 01:19:28,809 - utils_logger - INFO - Index 46 : 429
2024-04-04 01:19:28,810 - utils_logger - INFO - 	Empty soup, trying again in 5 secs...
2024-04-04 01:19:33,986 - utils_logger - INFO - 		Retry 1: 429
2024-04-04 01:19:33,987 - utils_logger - INFO - 	Empty soup, trying again in 5 secs...
2024-04-04 01:19:39,727 - utils_logger - INFO - 	Success : 200
2024-04-04 01:19:39,906 - utils_logger - INFO - Index 47 : 429
2024-04-04 01:19:39,907 - utils_logger - INFO - 	Empty soup, trying again in 5 secs...
2024-04-04 01:19:45,700 - utils_logger - INFO - 	Success : 200
2024-04-04 01:19:46,392 - utils_logger - INFO - Index 48 : 200
2024-04-04 01:19:47,120 - utils_logger - INFO - Index 49 : 200
2024-04-04 01:19:47,865 - utils_logger - INFO - Index 50 : 200
2024-04-04 01:19:48,632 - utils_logger - INFO - Index 51 : 200
2024-04-04 01:19:49,413 - utils_logger - INFO - Index 52 : 200
2024-04-04 01:19:50,240 - utils_logger - INFO - Index 53 : 200
2024-04-04 01:19:50,997 - utils_logger - INFO - Index 54 : 200
2024-04-04 01:19:51,739 - utils_logger - INFO - Index 55 : 200
2024-04-04 01:19:52,449 - utils_logger - INFO - Index 56 : 200
2024-04-04 01:19:53,104 - utils_logger - INFO - Index 57 : 200
2024-04-04 01:19:53,765 - utils_logger - INFO - Index 58 : 200
2024-04-04 01:19:54,456 - utils_logger - INFO - Index 59 : 200
2024-04-04 01:19:55,184 - utils_logger - INFO - Index 60 : 200
2024-04-04 01:19:55,926 - utils_logger - INFO - Index 61 : 200
2024-04-04 01:19:56,626 - utils_logger - INFO - Index 62 : 200
2024-04-04 01:19:57,321 - utils_logger - INFO - Index 63 : 200
2024-04-04 01:19:57,494 - utils_logger - INFO - Index 64 : 429
2024-04-04 01:19:57,495 - utils_logger - INFO - 	Empty soup, trying again in 5 secs...
2024-04-04 01:20:03,360 - utils_logger - INFO - 	Success : 200
2024-04-04 01:20:03,962 - utils_logger - INFO - Index 65 : 200
2024-04-04 01:20:04,602 - utils_logger - INFO - Index 66 : 200
2024-04-04 01:20:05,274 - utils_logger - INFO - Index 67 : 200
2024-04-04 01:20:05,984 - utils_logger - INFO - Index 68 : 200
2024-04-04 01:24:44,301 - utils_logger - ERROR - ('Connection aborted.', RemoteDisconnected('Remote end closed connection without response'))
Traceback (most recent call last):
  File "/opt/hostedtoolcache/Python/3.10.14/x64/lib/python3.10/site-packages/urllib3/connectionpool.py", line 793, in urlopen
    response = self._make_request(
  File "/opt/hostedtoolcache/Python/3.10.14/x64/lib/python3.10/site-packages/urllib3/connectionpool.py", line 537, in _make_request
    response = conn.getresponse()
  File "/opt/hostedtoolcache/Python/3.10.14/x64/lib/python3.10/site-packages/urllib3/connection.py", line 466, in getresponse
    httplib_response = super().getresponse()
  File "/opt/hostedtoolcache/Python/3.10.14/x64/lib/python3.10/http/client.py", line 1375, in getresponse
    response.begin()
  File "/opt/hostedtoolcache/Python/3.10.14/x64/lib/python3.10/http/client.py", line 318, in begin
    version, status, reason = self._read_status()
  File "/opt/hostedtoolcache/Python/3.10.14/x64/lib/python3.10/http/client.py", line 287, in _read_status
    raise RemoteDisconnected("Remote end closed connection without"
http.client.RemoteDisconnected: Remote end closed connection without response

During handling of the above exception, another exception occurred:

Traceback (most recent call last):
  File "/opt/hostedtoolcache/Python/3.10.14/x64/lib/python3.10/site-packages/requests/adapters.py", line 486, in send
    resp = conn.urlopen(
  File "/opt/hostedtoolcache/Python/3.10.14/x64/lib/python3.10/site-packages/urllib3/connectionpool.py", line 847, in urlopen
    retries = retries.increment(
  File "/opt/hostedtoolcache/Python/3.10.14/x64/lib/python3.10/site-packages/urllib3/util/retry.py", line 470, in increment
    raise reraise(type(error), error, _stacktrace)
  File "/opt/hostedtoolcache/Python/3.10.14/x64/lib/python3.10/site-packages/urllib3/util/util.py", line 38, in reraise
    raise value.with_traceback(tb)
  File "/opt/hostedtoolcache/Python/3.10.14/x64/lib/python3.10/site-packages/urllib3/connectionpool.py", line 793, in urlopen
    response = self._make_request(
  File "/opt/hostedtoolcache/Python/3.10.14/x64/lib/python3.10/site-packages/urllib3/connectionpool.py", line 537, in _make_request
    response = conn.getresponse()
  File "/opt/hostedtoolcache/Python/3.10.14/x64/lib/python3.10/site-packages/urllib3/connection.py", line 466, in getresponse
    httplib_response = super().getresponse()
  File "/opt/hostedtoolcache/Python/3.10.14/x64/lib/python3.10/http/client.py", line 1375, in getresponse
    response.begin()
  File "/opt/hostedtoolcache/Python/3.10.14/x64/lib/python3.10/http/client.py", line 318, in begin
    version, status, reason = self._read_status()
  File "/opt/hostedtoolcache/Python/3.10.14/x64/lib/python3.10/http/client.py", line 287, in _read_status
    raise RemoteDisconnected("Remote end closed connection without"
urllib3.exceptions.ProtocolError: ('Connection aborted.', RemoteDisconnected('Remote end closed connection without response'))

During handling of the above exception, another exception occurred:

Traceback (most recent call last):
  File "/home/runner/work/jobs_retriever_automailer/jobs_retriever_automailer/main.py", line 26, in <module>
    main[index] = get_job_info(link, index)
  File "/home/runner/work/jobs_retriever_automailer/jobs_retriever_automailer/modules/utils.py", line 232, in get_job_info
    response = requests.get(url, headers=headers)
  File "/opt/hostedtoolcache/Python/3.10.14/x64/lib/python3.10/site-packages/requests/api.py", line 73, in get
    return request("get", url, params=params, **kwargs)
  File "/opt/hostedtoolcache/Python/3.10.14/x64/lib/python3.10/site-packages/requests/api.py", line 59, in request
    return session.request(method=method, url=url, **kwargs)
  File "/opt/hostedtoolcache/Python/3.10.14/x64/lib/python3.10/site-packages/requests/sessions.py", line 589, in request
    resp = self.send(prep, **send_kwargs)
  File "/opt/hostedtoolcache/Python/3.10.14/x64/lib/python3.10/site-packages/requests/sessions.py", line 703, in send
    r = adapter.send(request, **kwargs)
  File "/opt/hostedtoolcache/Python/3.10.14/x64/lib/python3.10/site-packages/requests/adapters.py", line 501, in send
    raise ConnectionError(err, request=request)
requests.exceptions.ConnectionError: ('Connection aborted.', RemoteDisconnected('Remote end closed connection without response'))
